Using pre-set license
Built from '2020.3/staging' branch; Version is '2020.3.23f1 (c5d91304a876) revision 12966163'; Using compiler version '192528614'; Build Type 'Release'
OS: 'Windows 10 Pro; OS build 18363.476; Version 1909; 64bit' Language: 'ru' Physical Memory: 10173 MB
BatchMode: 1, IsHumanControllingUs: 0, StartBugReporterOnCrash: 0, Is64bit: 1, IsPro: 0

COMMAND LINE ARGUMENTS:
C:\Program Files\Unity\Hub\Editor\2020.3.23f1\Editor\Unity.exe
-adb2
-batchMode
-noUpm
-name
AssetImportWorker0
-projectPath
C:/Users/andru/Documents/GitHub/AlphaVersoinGround/Alpha Version Ground
-logFile
Logs/AssetImportWorker0.log
-srvPort
65227
Successfully changed project path to: C:/Users/andru/Documents/GitHub/AlphaVersoinGround/Alpha Version Ground
C:/Users/andru/Documents/GitHub/AlphaVersoinGround/Alpha Version Ground
Using Asset Import Pipeline V2.
Refreshing native plugins compatible for Editor in 48.16 ms, found 2 plugins.
Preloading 0 native plugins for Editor in 0.00 ms.
Initialize engine version: 2020.3.23f1 (c5d91304a876)
[Subsystems] Discovering subsystems at path C:/Program Files/Unity/Hub/Editor/2020.3.23f1/Editor/Data/Resources/UnitySubsystems
[Subsystems] Discovering subsystems at path C:/Users/andru/Documents/GitHub/AlphaVersoinGround/Alpha Version Ground/Assets
GfxDevice: creating device client; threaded=0
Direct3D:
    Version:  Direct3D 11.0 [level 11.1]
    Renderer: AMD Radeon(TM) Vega 8 Graphics (ID=0x15d8)
    Vendor:   
    VRAM:     5086 MB
    Driver:   30.0.14029.5006
Initialize mono
Mono path[0] = 'C:/Program Files/Unity/Hub/Editor/2020.3.23f1/Editor/Data/Managed'
Mono path[1] = 'C:/Program Files/Unity/Hub/Editor/2020.3.23f1/Editor/Data/MonoBleedingEdge/lib/mono/unityjit'
Mono config path = 'C:/Program Files/Unity/Hub/Editor/2020.3.23f1/Editor/Data/MonoBleedingEdge/etc'
Using monoOptions --debugger-agent=transport=dt_socket,embedding=1,server=y,suspend=n,address=127.0.0.1:56500
Begin MonoManager ReloadAssembly
Registering precompiled unity dll's ...
Register platform support module: C:/Program Files/Unity/Hub/Editor/2020.3.23f1/Editor/Data/PlaybackEngines/WindowsStandaloneSupport/UnityEditor.WindowsStandalone.Extensions.dll
Registered in 0.003072 seconds.
Native extension for WindowsStandalone target not found
Refreshing native plugins compatible for Editor in 39.80 ms, found 2 plugins.
Preloading 0 native plugins for Editor in 0.00 ms.
Mono: successfully reloaded assembly
- Completed reload, in  0.783 seconds
Domain Reload Profiling:
	ReloadAssembly (783ms)
		BeginReloadAssembly (84ms)
			ExecutionOrderSort (0ms)
			DisableScriptedObjects (0ms)
			BackupInstance (0ms)
			ReleaseScriptingObjects (0ms)
			CreateAndSetChildDomain (1ms)
		EndReloadAssembly (584ms)
			LoadAssemblies (79ms)
			RebuildTransferFunctionScriptingTraits (0ms)
			SetupTypeCache (183ms)
			ReleaseScriptCaches (0ms)
			RebuildScriptCaches (47ms)
			SetupLoadedEditorAssemblies (217ms)
				LogAssemblyErrors (0ms)
				InitializePlatformSupportModulesInManaged (5ms)
				SetLoadedEditorAssemblies (0ms)
				RefreshPlugins (40ms)
				BeforeProcessingInitializeOnLoad (22ms)
				ProcessInitializeOnLoadAttributes (111ms)
				ProcessInitializeOnLoadMethodAttributes (38ms)
				AfterProcessingInitializeOnLoad (0ms)
				EditorAssembliesLoaded (0ms)
			ExecutionOrderSort2 (0ms)
			AwakeInstancesAfterBackupRestoration (0ms)
Platform modules already initialized, skipping
Registering precompiled user dll's ...
Registered in 0.006423 seconds.
Begin MonoManager ReloadAssembly
Native extension for WindowsStandalone target not found
Refreshing native plugins compatible for Editor in 0.50 ms, found 2 plugins.
Preloading 0 native plugins for Editor in 0.00 ms.
Mono: successfully reloaded assembly
- Completed reload, in  1.358 seconds
Domain Reload Profiling:
	ReloadAssembly (1359ms)
		BeginReloadAssembly (183ms)
			ExecutionOrderSort (0ms)
			DisableScriptedObjects (7ms)
			BackupInstance (0ms)
			ReleaseScriptingObjects (0ms)
			CreateAndSetChildDomain (23ms)
		EndReloadAssembly (1090ms)
			LoadAssemblies (113ms)
			RebuildTransferFunctionScriptingTraits (0ms)
			SetupTypeCache (352ms)
			ReleaseScriptCaches (0ms)
			RebuildScriptCaches (68ms)
			SetupLoadedEditorAssemblies (437ms)
				LogAssemblyErrors (0ms)
				InitializePlatformSupportModulesInManaged (7ms)
				SetLoadedEditorAssemblies (1ms)
				RefreshPlugins (1ms)
				BeforeProcessingInitializeOnLoad (119ms)
				ProcessInitializeOnLoadAttributes (286ms)
				ProcessInitializeOnLoadMethodAttributes (12ms)
				AfterProcessingInitializeOnLoad (10ms)
				EditorAssembliesLoaded (0ms)
			ExecutionOrderSort2 (0ms)
			AwakeInstancesAfterBackupRestoration (9ms)
Platform modules already initialized, skipping
========================================================================
Worker process is ready to serve import requests
Launched and connected shader compiler UnityShaderCompiler.exe after 0.05 seconds
Refreshing native plugins compatible for Editor in 0.41 ms, found 2 plugins.
Preloading 0 native plugins for Editor in 0.00 ms.
Unloading 1506 Unused Serialized files (Serialized files now loaded: 0)
System memory in use before: 67.7 MB.
System memory in use after: 67.8 MB.

Unloading 19 unused Assets to reduce memory usage. Loaded Objects now: 1938.
Total: 3.682700 ms (FindLiveObjects: 0.193500 ms CreateObjectMapping: 0.066700 ms MarkObjects: 3.326500 ms  DeleteObjects: 0.094100 ms)

AssetImportParameters requested are different than current active one (requested -> active):
  custom:framework-win-MediaFoundation: 216162199b28c13a410421893ffa2e32 -> 
  custom:video-decoder-ogg-theora: a1e56fd34408186e4bbccfd4996cb3dc -> 
  custom:container-muxer-webm: aa71ff27fc2769a1b78a27578f13a17b -> 
  custom:container-demuxer-webm: 4f35f7cbe854078d1ac9338744f61a02 -> 
  custom:container-demuxer-ogg: 62fdf1f143b41e24485cea50d1cbac27 -> 
  custom:video-encoder-webm-vp8: eb34c28f22e8b96e1ab97ce403110664 -> 
  custom:video-decoder-webm-vp8: 9c59270c3fd7afecdb556c50c9e8de78 -> 
  custom:audio-decoder-ogg-vorbis: bf7c407c2cedff20999df2af8eb42d56 -> 
  custom:audio-encoder-webm-vorbis: bf7c407c2cedff20999df2af8eb42d56 -> 
========================================================================
Received Import Request.
  path: Assets/Scenes
  artifactKey: Guid(038807d6c4c7fd94aac28909a8b9204c) Importer(815301076,1909f56bfc062723c751e8b465ee728b)
Start importing Assets/Scenes using Guid(038807d6c4c7fd94aac28909a8b9204c) Importer(815301076,1909f56bfc062723c751e8b465ee728b)  -> (artifact id: '9eeb0fb3d20dd583a0ab9bed897a8d30') in 0.007573 seconds 
  Import took 0.023786 seconds .

========================================================================
Received Import Request.
  Time since last request: 6.161924 seconds.
  path: Assets/Scenes/Andru
  artifactKey: Guid(1613e3232204ab149ac857a6bfe8f879) Importer(815301076,1909f56bfc062723c751e8b465ee728b)
Start importing Assets/Scenes/Andru using Guid(1613e3232204ab149ac857a6bfe8f879) Importer(815301076,1909f56bfc062723c751e8b465ee728b)  -> (artifact id: '4d6b62928a2e00794e804b2aa8f5a214') in 0.003638 seconds 
  Import took 0.020659 seconds .

========================================================================
Received Import Request.
  Time since last request: 21.787316 seconds.
  path: Assets/Scripts
  artifactKey: Guid(d09e31d8beea6214380948f6f3bdfffa) Importer(815301076,1909f56bfc062723c751e8b465ee728b)
Start importing Assets/Scripts using Guid(d09e31d8beea6214380948f6f3bdfffa) Importer(815301076,1909f56bfc062723c751e8b465ee728b)  -> (artifact id: 'f13e95a7cb0db5c36b98ba807ffdf285') in 0.004274 seconds 
  Import took 0.028137 seconds .

========================================================================
Received Prepare
Registering precompiled user dll's ...
Registered in 0.005827 seconds.
Begin MonoManager ReloadAssembly
Native extension for WindowsStandalone target not found
Refreshing native plugins compatible for Editor in 0.48 ms, found 2 plugins.
Preloading 0 native plugins for Editor in 0.00 ms.
Mono: successfully reloaded assembly
- Completed reload, in  1.290 seconds
Domain Reload Profiling:
	ReloadAssembly (1291ms)
		BeginReloadAssembly (138ms)
			ExecutionOrderSort (0ms)
			DisableScriptedObjects (6ms)
			BackupInstance (0ms)
			ReleaseScriptingObjects (0ms)
			CreateAndSetChildDomain (40ms)
		EndReloadAssembly (1060ms)
			LoadAssemblies (117ms)
			RebuildTransferFunctionScriptingTraits (0ms)
			SetupTypeCache (349ms)
			ReleaseScriptCaches (1ms)
			RebuildScriptCaches (62ms)
			SetupLoadedEditorAssemblies (406ms)
				LogAssemblyErrors (0ms)
				InitializePlatformSupportModulesInManaged (7ms)
				SetLoadedEditorAssemblies (1ms)
				RefreshPlugins (1ms)
				BeforeProcessingInitializeOnLoad (107ms)
				ProcessInitializeOnLoadAttributes (267ms)
				ProcessInitializeOnLoadMethodAttributes (13ms)
				AfterProcessingInitializeOnLoad (10ms)
				EditorAssembliesLoaded (0ms)
			ExecutionOrderSort2 (0ms)
			AwakeInstancesAfterBackupRestoration (10ms)
Platform modules already initialized, skipping
Refreshing native plugins compatible for Editor in 0.35 ms, found 2 plugins.
Preloading 0 native plugins for Editor in 0.00 ms.
Unloading 1501 Unused Serialized files (Serialized files now loaded: 0)
System memory in use before: 67.6 MB.
System memory in use after: 67.7 MB.

Unloading 14 unused Assets to reduce memory usage. Loaded Objects now: 1941.
Total: 3.968100 ms (FindLiveObjects: 0.220500 ms CreateObjectMapping: 0.063100 ms MarkObjects: 3.655900 ms  DeleteObjects: 0.026900 ms)

AssetImportParameters requested are different than current active one (requested -> active):
  custom:framework-win-MediaFoundation: 216162199b28c13a410421893ffa2e32 -> 
  custom:video-decoder-ogg-theora: a1e56fd34408186e4bbccfd4996cb3dc -> 
  custom:container-muxer-webm: aa71ff27fc2769a1b78a27578f13a17b -> 
  custom:container-demuxer-webm: 4f35f7cbe854078d1ac9338744f61a02 -> 
  custom:container-demuxer-ogg: 62fdf1f143b41e24485cea50d1cbac27 -> 
  custom:video-encoder-webm-vp8: eb34c28f22e8b96e1ab97ce403110664 -> 
  custom:video-decoder-webm-vp8: 9c59270c3fd7afecdb556c50c9e8de78 -> 
  custom:audio-decoder-ogg-vorbis: bf7c407c2cedff20999df2af8eb42d56 -> 
  custom:audio-encoder-webm-vorbis: bf7c407c2cedff20999df2af8eb42d56 -> 
========================================================================
Received Import Request.
  Time since last request: 38.945431 seconds.
  path: Assets/Shaider
  artifactKey: Guid(b1df50109d1a4a04cadd6f35d9aff7d1) Importer(815301076,1909f56bfc062723c751e8b465ee728b)
Start importing Assets/Shaider using Guid(b1df50109d1a4a04cadd6f35d9aff7d1) Importer(815301076,1909f56bfc062723c751e8b465ee728b)  -> (artifact id: '1114e7e5130716975d1f33fe70225e04') in 0.008421 seconds 
  Import took 0.032701 seconds .

========================================================================
Received Import Request.
  Time since last request: 7.506592 seconds.
  path: Assets/Shaider/TerraForming.shader
  artifactKey: Guid(043b8abcd3b77ca4e8112da18846d768) Importer(815301076,1909f56bfc062723c751e8b465ee728b)
Start importing Assets/Shaider/TerraForming.shader using Guid(043b8abcd3b77ca4e8112da18846d768) Importer(815301076,1909f56bfc062723c751e8b465ee728b)  -> (artifact id: '772326aa519128b8ed2f22cc8d7ead67') in 0.041500 seconds 
  Import took 0.063925 seconds .

========================================================================
Received Import Request.
  Time since last request: 11.900499 seconds.
  path: Assets/Scenes/SampleScene.unity
  artifactKey: Guid(9fc0d4010bbf28b4594072e72b8655ab) Importer(815301076,1909f56bfc062723c751e8b465ee728b)
Start importing Assets/Scenes/SampleScene.unity using Guid(9fc0d4010bbf28b4594072e72b8655ab) Importer(815301076,1909f56bfc062723c751e8b465ee728b)  -> (artifact id: 'dcc088d1731b590f9572c6f2bab98c6a') in 0.004206 seconds 
  Import took 0.016217 seconds .

========================================================================
Received Import Request.
  Time since last request: 5.870042 seconds.
  path: Assets/Scenes/Andru/SampleScene.unity
  artifactKey: Guid(86d6f5930bbe8b6499d7c3619a03bc67) Importer(815301076,1909f56bfc062723c751e8b465ee728b)
Start importing Assets/Scenes/Andru/SampleScene.unity using Guid(86d6f5930bbe8b6499d7c3619a03bc67) Importer(815301076,1909f56bfc062723c751e8b465ee728b)  -> (artifact id: '57b24149bb4b4ccb24f63cf5eb5b05af') in 0.004983 seconds 
  Import took 0.008078 seconds .

========================================================================
Received Import Request.
  Time since last request: 21.448276 seconds.
  path: Assets/Material 1
  artifactKey: Guid(c0b7a09bc2493554ca1137179bb4f374) Importer(815301076,1909f56bfc062723c751e8b465ee728b)
Start importing Assets/Material 1 using Guid(c0b7a09bc2493554ca1137179bb4f374) Importer(815301076,1909f56bfc062723c751e8b465ee728b)  -> (artifact id: '1712faa7fc52265e32d8dd7c2c0b0d12') in 0.003293 seconds 
  Import took 0.014028 seconds .

========================================================================
Received Import Request.
  Time since last request: 12.010104 seconds.
  path: Assets/Material 1/Test1.mat
  artifactKey: Guid(559400a2d2cc3e3459aceffe26d6eed4) Importer(815301076,1909f56bfc062723c751e8b465ee728b)
Start importing Assets/Material 1/Test1.mat using Guid(559400a2d2cc3e3459aceffe26d6eed4) Importer(815301076,1909f56bfc062723c751e8b465ee728b)  -> (artifact id: '8c35628b6ed25e694990ba33a831153e') in 0.237905 seconds 
  Import took 0.241087 seconds .

AssetImportWorkerClient::OnTransportError - code=2 error=End of file
